<?xml version="1.0" encoding="UTF-8"?>
<testsuite xmlns:xsi="http://www.w3.org/2001/XMLSchema-instance" xsi:noNamespaceSchemaLocation="https://maven.apache.org/surefire/maven-surefire-plugin/xsd/surefire-test-report-3.0.xsd" version="3.0" name="com.practice.WebBlog.WebBlogApplicationTests" time="16.054" tests="1" errors="0" skipped="0" failures="0">
  <properties>
[...]
</properties>
  <testcase name="contextLoads" classname="com.practice.WebBlog.WebBlogApplicationTests" time="1.084">
    <system-out><![CDATA[11:16:47.040 [main] INFO org.springframework.test.context.support.AnnotationConfigContextLoaderUtils -- Could not detect default configuration classes for test class [com.practice.WebBlog.WebBlogApplicationTests]: WebBlogApplicationTests does not declare any static, non-private, non-final, nested classes annotated with @Configuration.
11:16:47.280 [main] INFO org.springframework.boot.test.context.SpringBootTestContextBootstrapper -- Found @SpringBootConfiguration com.practice.WebBlog.WebBlogApplication for test class com.practice.WebBlog.WebBlogApplicationTests

  .   ____          _            __ _ _
 /\\ / ___'_ __ _ _(_)_ __  __ _ \ \ \ \
( ( )\___ | '_ | '_| | '_ \/ _` | \ \ \ \
 \\/  ___)| |_)| | | | | || (_| |  ) ) ) )
  '  |____| .__|_| |_|_| |_\__, | / / / /
 =========|_|==============|___/=/_/_/_/
 :: Spring Boot ::                (v3.1.4)

2023-12-07T11:16:48.334+07:00  INFO 11544 --- [           main] c.p.WebBlog.WebBlogApplicationTests      : Starting WebBlogApplicationTests using Java 17.0.8 with PID 11544 (started by intern.ntdquan in D:\Learn-Spring-boot\transfgit\fileUPdate\WebBlog)
2023-12-07T11:16:48.338+07:00  INFO 11544 --- [           main] c.p.WebBlog.WebBlogApplicationTests      : No active profile set, falling back to 1 default profile: "default"
2023-12-07T11:16:50.025+07:00  INFO 11544 --- [           main] .s.d.r.c.RepositoryConfigurationDelegate : Bootstrapping Spring Data JPA repositories in DEFAULT mode.
2023-12-07T11:16:50.241+07:00  INFO 11544 --- [           main] .s.d.r.c.RepositoryConfigurationDelegate : Finished Spring Data repository scanning in 194 ms. Found 3 JPA repository interfaces.
2023-12-07T11:16:52.022+07:00  INFO 11544 --- [           main] o.hibernate.jpa.internal.util.LogHelper  : HHH000204: Processing PersistenceUnitInfo [name: default]
2023-12-07T11:16:52.147+07:00  INFO 11544 --- [           main] org.hibernate.Version                    : HHH000412: Hibernate ORM core version 6.2.9.Final
2023-12-07T11:16:52.149+07:00  INFO 11544 --- [           main] org.hibernate.cfg.Environment            : HHH000406: Using bytecode reflection optimizer
2023-12-07T11:16:52.616+07:00  INFO 11544 --- [           main] o.h.b.i.BytecodeProviderInitiator        : HHH000021: Bytecode provider name : bytebuddy
2023-12-07T11:16:52.956+07:00  INFO 11544 --- [           main] o.s.o.j.p.SpringPersistenceUnitInfo      : No LoadTimeWeaver setup: ignoring JPA class transformer
2023-12-07T11:16:52.988+07:00  INFO 11544 --- [           main] com.zaxxer.hikari.HikariDataSource       : HikariPool-1 - Starting...
2023-12-07T11:16:55.038+07:00  INFO 11544 --- [           main] com.zaxxer.hikari.pool.HikariPool        : HikariPool-1 - Added connection com.mysql.cj.jdbc.ConnectionImpl@4b85edeb
2023-12-07T11:16:55.053+07:00  INFO 11544 --- [           main] com.zaxxer.hikari.HikariDataSource       : HikariPool-1 - Start completed.
2023-12-07T11:16:56.386+07:00  INFO 11544 --- [           main] o.h.b.i.BytecodeProviderInitiator        : HHH000021: Bytecode provider name : bytebuddy
2023-12-07T11:16:57.670+07:00  INFO 11544 --- [           main] o.h.e.t.j.p.i.JtaPlatformInitiator       : HHH000490: Using JtaPlatform implementation: [org.hibernate.engine.transaction.jta.platform.internal.NoJtaPlatform]
2023-12-07T11:16:58.287+07:00  INFO 11544 --- [           main] j.LocalContainerEntityManagerFactoryBean : Initialized JPA EntityManagerFactory for persistence unit 'default'
2023-12-07T11:16:58.824+07:00  WARN 11544 --- [           main] o.s.c.annotation.AnnotationTypeMapping   : Support for convention-based annotation attribute overrides is deprecated and will be removed in Spring Framework 6.2. Please annotate the following attributes in @org.hibernate.validator.constraints.NotBlank with appropriate @AliasFor declarations: [payload, groups, message]
2023-12-07T11:16:59.885+07:00  WARN 11544 --- [           main] JpaBaseConfiguration$JpaWebConfiguration : spring.jpa.open-in-view is enabled by default. Therefore, database queries may be performed during view rendering. Explicitly configure spring.jpa.open-in-view to disable this warning
2023-12-07T11:17:00.264+07:00  INFO 11544 --- [           main] o.s.b.a.w.s.WelcomePageHandlerMapping    : Adding welcome page: class path resource [static/index.html]
2023-12-07T11:17:00.711+07:00  INFO 11544 --- [           main] o.s.s.web.DefaultSecurityFilterChain     : Will secure any request with [org.springframework.security.web.session.DisableEncodeUrlFilter@78723798, org.springframework.security.web.context.request.async.WebAsyncManagerIntegrationFilter@ab3b54, org.springframework.security.web.context.SecurityContextHolderFilter@c770b57, org.springframework.security.web.header.HeaderWriterFilter@2daa5092, org.springframework.web.filter.CorsFilter@35d62807, org.springframework.security.web.authentication.logout.LogoutFilter@341c0dfc, com.practice.WebBlog.jwt.JwtAuthFilter@52667676, org.springframework.security.web.savedrequest.RequestCacheAwareFilter@55731ccd, org.springframework.security.web.servletapi.SecurityContextHolderAwareRequestFilter@41935a9d, org.springframework.security.web.authentication.AnonymousAuthenticationFilter@6fc03cf6, org.springframework.security.web.session.SessionManagementFilter@7fa86ddd, org.springframework.security.web.access.ExceptionTranslationFilter@5478597, org.springframework.security.web.access.intercept.AuthorizationFilter@6db2a260]
2023-12-07T11:17:01.561+07:00  INFO 11544 --- [           main] c.p.WebBlog.WebBlogApplicationTests      : Started WebBlogApplicationTests in 13.857 seconds (process running for 16.23)
]]></system-out>
  </testcase>
</testsuite>